{"total": {"lines":{"total":23,"covered":17,"skipped":0,"pct":73.91},"statements":{"total":23,"covered":17,"skipped":0,"pct":73.91},"functions":{"total":6,"covered":3,"skipped":0,"pct":50},"branches":{"total":4,"covered":1,"skipped":0,"pct":25}}
,"C:\\Users\\danie\\Documents\\workspace\\ProductionApps\\OntraJs\\lib\\transformer.js": {"lines":{"total":15,"covered":15,"skipped":0,"pct":100},"functions":{"total":3,"covered":3,"skipped":0,"pct":100},"statements":{"total":15,"covered":15,"skipped":0,"pct":100},"branches":{"total":2,"covered":1,"skipped":0,"pct":50}}
,"C:\\Users\\danie\\Documents\\workspace\\ProductionApps\\OntraJs\\lib\\translators.js": {"lines":{"total":8,"covered":2,"skipped":0,"pct":25},"functions":{"total":3,"covered":0,"skipped":0,"pct":0},"statements":{"total":8,"covered":2,"skipped":0,"pct":25},"branches":{"total":2,"covered":0,"skipped":0,"pct":0}}
}
